[2025-03-02T17:47:50.729+0000] {local_task_job_runner.py:123} INFO - ::group::Pre task execution logs
[2025-03-02T17:47:50.760+0000] {taskinstance.py:2613} INFO - Dependencies all met for dep_context=non-requeueable deps ti=<TaskInstance: simple_example_dag.print_date scheduled__2025-03-01T00:00:00+00:00 [queued]>
[2025-03-02T17:47:50.776+0000] {taskinstance.py:2613} INFO - Dependencies all met for dep_context=requeueable deps ti=<TaskInstance: simple_example_dag.print_date scheduled__2025-03-01T00:00:00+00:00 [queued]>
[2025-03-02T17:47:50.778+0000] {taskinstance.py:2866} INFO - Starting attempt 1 of 2
[2025-03-02T17:47:50.805+0000] {taskinstance.py:2889} INFO - Executing <Task(BashOperator): print_date> on 2025-03-01 00:00:00+00:00
[2025-03-02T17:47:50.813+0000] {warnings.py:112} WARNING - /home/***/.local/lib/python3.12/site-packages/***/task/task_runner/standard_task_runner.py:70: DeprecationWarning: This process (pid=744) is multi-threaded, use of fork() may lead to deadlocks in the child.
  pid = os.fork()

[2025-03-02T17:47:50.817+0000] {standard_task_runner.py:72} INFO - Started process 745 to run task
[2025-03-02T17:47:50.820+0000] {standard_task_runner.py:104} INFO - Running: ['***', 'tasks', 'run', 'simple_example_dag', 'print_date', 'scheduled__2025-03-01T00:00:00+00:00', '--job-id', '6', '--raw', '--subdir', 'DAGS_FOLDER/example.py', '--cfg-path', '/tmp/tmpbu918hab']
[2025-03-02T17:47:50.823+0000] {standard_task_runner.py:105} INFO - Job 6: Subtask print_date
[2025-03-02T17:47:50.915+0000] {task_command.py:467} INFO - Running <TaskInstance: simple_example_dag.print_date scheduled__2025-03-01T00:00:00+00:00 [running]> on host eba33f90d1de
[2025-03-02T17:47:51.143+0000] {taskinstance.py:3132} INFO - Exporting env vars: AIRFLOW_CTX_DAG_OWNER='***' AIRFLOW_CTX_DAG_ID='simple_example_dag' AIRFLOW_CTX_TASK_ID='print_date' AIRFLOW_CTX_EXECUTION_DATE='2025-03-01T00:00:00+00:00' AIRFLOW_CTX_TRY_NUMBER='1' AIRFLOW_CTX_DAG_RUN_ID='scheduled__2025-03-01T00:00:00+00:00'
[2025-03-02T17:47:51.145+0000] {taskinstance.py:731} INFO - ::endgroup::
[2025-03-02T17:47:51.203+0000] {subprocess.py:78} INFO - Tmp dir root location: /tmp
[2025-03-02T17:47:51.209+0000] {subprocess.py:88} INFO - Running command: ['/usr/bin/bash', '-c', 'date && sleep 5 & date']
[2025-03-02T17:47:51.237+0000] {subprocess.py:99} INFO - Output:
[2025-03-02T17:47:51.262+0000] {subprocess.py:106} INFO - Sun Mar  2 17:47:51 UTC 2025
[2025-03-02T17:47:51.264+0000] {subprocess.py:106} INFO - Sun Mar  2 17:47:51 UTC 2025
[2025-03-02T17:47:56.274+0000] {subprocess.py:110} INFO - Command exited with return code 0
[2025-03-02T17:47:56.566+0000] {taskinstance.py:340} INFO - ::group::Post task execution logs
[2025-03-02T17:47:56.585+0000] {taskinstance.py:352} INFO - Marking task as SUCCESS. dag_id=simple_example_dag, task_id=print_date, run_id=scheduled__2025-03-01T00:00:00+00:00, execution_date=20250301T000000, start_date=20250302T174750, end_date=20250302T174756
[2025-03-02T17:47:56.710+0000] {local_task_job_runner.py:266} INFO - Task exited with return code 0
[2025-03-02T17:47:56.780+0000] {taskinstance.py:3895} INFO - 0 downstream tasks scheduled from follow-on schedule check
[2025-03-02T17:47:56.786+0000] {local_task_job_runner.py:245} INFO - ::endgroup::
