[2025-03-02T17:47:48.222+0000] {local_task_job_runner.py:123} INFO - ::group::Pre task execution logs
[2025-03-02T17:47:48.272+0000] {taskinstance.py:2613} INFO - Dependencies all met for dep_context=non-requeueable deps ti=<TaskInstance: simple_example_dag.hello_task_primeira_tarefa scheduled__2025-03-01T00:00:00+00:00 [queued]>
[2025-03-02T17:47:48.295+0000] {taskinstance.py:2613} INFO - Dependencies all met for dep_context=requeueable deps ti=<TaskInstance: simple_example_dag.hello_task_primeira_tarefa scheduled__2025-03-01T00:00:00+00:00 [queued]>
[2025-03-02T17:47:48.297+0000] {taskinstance.py:2866} INFO - Starting attempt 1 of 2
[2025-03-02T17:47:48.329+0000] {taskinstance.py:2889} INFO - Executing <Task(PythonOperator): hello_task_primeira_tarefa> on 2025-03-01 00:00:00+00:00
[2025-03-02T17:47:48.344+0000] {warnings.py:112} WARNING - /home/***/.local/lib/python3.12/site-packages/***/task/task_runner/standard_task_runner.py:70: DeprecationWarning: This process (pid=741) is multi-threaded, use of fork() may lead to deadlocks in the child.
  pid = os.fork()

[2025-03-02T17:47:48.348+0000] {standard_task_runner.py:104} INFO - Running: ['***', 'tasks', 'run', 'simple_example_dag', 'hello_task_primeira_tarefa', 'scheduled__2025-03-01T00:00:00+00:00', '--job-id', '5', '--raw', '--subdir', 'DAGS_FOLDER/example.py', '--cfg-path', '/tmp/tmp83eayipg']
[2025-03-02T17:47:48.351+0000] {standard_task_runner.py:72} INFO - Started process 742 to run task
[2025-03-02T17:47:48.355+0000] {standard_task_runner.py:105} INFO - Job 5: Subtask hello_task_primeira_tarefa
[2025-03-02T17:47:48.535+0000] {task_command.py:467} INFO - Running <TaskInstance: simple_example_dag.hello_task_primeira_tarefa scheduled__2025-03-01T00:00:00+00:00 [running]> on host eba33f90d1de
[2025-03-02T17:47:48.726+0000] {taskinstance.py:3132} INFO - Exporting env vars: AIRFLOW_CTX_DAG_OWNER='***' AIRFLOW_CTX_DAG_ID='simple_example_dag' AIRFLOW_CTX_TASK_ID='hello_task_primeira_tarefa' AIRFLOW_CTX_EXECUTION_DATE='2025-03-01T00:00:00+00:00' AIRFLOW_CTX_TRY_NUMBER='1' AIRFLOW_CTX_DAG_RUN_ID='scheduled__2025-03-01T00:00:00+00:00'
[2025-03-02T17:47:48.728+0000] {taskinstance.py:731} INFO - ::endgroup::
[2025-03-02T17:47:48.814+0000] {logging_mixin.py:190} INFO - Olá Mundo!!! 
 Esta é a minha primeira tarefa
[2025-03-02T17:47:48.815+0000] {python.py:240} INFO - Done. Returned value was: None
[2025-03-02T17:47:48.833+0000] {taskinstance.py:340} INFO - ::group::Post task execution logs
[2025-03-02T17:47:48.834+0000] {taskinstance.py:352} INFO - Marking task as SUCCESS. dag_id=simple_example_dag, task_id=hello_task_primeira_tarefa, run_id=scheduled__2025-03-01T00:00:00+00:00, execution_date=20250301T000000, start_date=20250302T174748, end_date=20250302T174748
[2025-03-02T17:47:48.872+0000] {local_task_job_runner.py:266} INFO - Task exited with return code 0
[2025-03-02T17:47:48.920+0000] {taskinstance.py:3895} INFO - 1 downstream tasks scheduled from follow-on schedule check
[2025-03-02T17:47:48.924+0000] {local_task_job_runner.py:245} INFO - ::endgroup::
