[2025-03-02T17:51:22.669+0000] {local_task_job_runner.py:123} INFO - ::group::Pre task execution logs
[2025-03-02T17:51:22.714+0000] {taskinstance.py:2613} INFO - Dependencies all met for dep_context=non-requeueable deps ti=<TaskInstance: execute_entities.extract_and_load_ListarContasCorrentes scheduled__2025-03-01T03:00:00+00:00 [queued]>
[2025-03-02T17:51:22.734+0000] {taskinstance.py:2613} INFO - Dependencies all met for dep_context=requeueable deps ti=<TaskInstance: execute_entities.extract_and_load_ListarContasCorrentes scheduled__2025-03-01T03:00:00+00:00 [queued]>
[2025-03-02T17:51:22.736+0000] {taskinstance.py:2866} INFO - Starting attempt 4 of 4
[2025-03-02T17:51:22.771+0000] {taskinstance.py:2889} INFO - Executing <Task(PythonOperator): extract_and_load_ListarContasCorrentes> on 2025-03-01 03:00:00+00:00
[2025-03-02T17:51:22.781+0000] {warnings.py:112} WARNING - /home/***/.local/lib/python3.12/site-packages/***/task/task_runner/standard_task_runner.py:70: DeprecationWarning: This process (pid=857) is multi-threaded, use of fork() may lead to deadlocks in the child.
  pid = os.fork()

[2025-03-02T17:51:22.786+0000] {standard_task_runner.py:72} INFO - Started process 860 to run task
[2025-03-02T17:51:22.786+0000] {standard_task_runner.py:104} INFO - Running: ['***', 'tasks', 'run', 'execute_entities', 'extract_and_load_ListarContasCorrentes', 'scheduled__2025-03-01T03:00:00+00:00', '--job-id', '31', '--raw', '--subdir', 'DAGS_FOLDER/execute_entities.py', '--cfg-path', '/tmp/tmplzbsn4ew']
[2025-03-02T17:51:22.789+0000] {standard_task_runner.py:105} INFO - Job 31: Subtask extract_and_load_ListarContasCorrentes
[2025-03-02T17:51:22.893+0000] {task_command.py:467} INFO - Running <TaskInstance: execute_entities.extract_and_load_ListarContasCorrentes scheduled__2025-03-01T03:00:00+00:00 [running]> on host eba33f90d1de
[2025-03-02T17:51:23.121+0000] {taskinstance.py:3132} INFO - Exporting env vars: AIRFLOW_CTX_DAG_OWNER='***' AIRFLOW_CTX_DAG_ID='execute_entities' AIRFLOW_CTX_TASK_ID='extract_and_load_ListarContasCorrentes' AIRFLOW_CTX_EXECUTION_DATE='2025-03-01T03:00:00+00:00' AIRFLOW_CTX_TRY_NUMBER='4' AIRFLOW_CTX_DAG_RUN_ID='scheduled__2025-03-01T03:00:00+00:00'
[2025-03-02T17:51:23.123+0000] {taskinstance.py:731} INFO - ::endgroup::
[2025-03-02T17:51:23.242+0000] {taskinstance.py:3311} ERROR - Task failed with exception
Traceback (most recent call last):
  File "/home/airflow/.local/lib/python3.12/site-packages/airflow/models/taskinstance.py", line 767, in _execute_task
    result = _execute_callable(context=context, **execute_callable_kwargs)
             ^^^^^^^^^^^^^^^^^^^^^^^^^^^^^^^^^^^^^^^^^^^^^^^^^^^^^^^^^^^^^
  File "/home/airflow/.local/lib/python3.12/site-packages/airflow/models/taskinstance.py", line 733, in _execute_callable
    return ExecutionCallableRunner(
           ^^^^^^^^^^^^^^^^^^^^^^^^
  File "/home/airflow/.local/lib/python3.12/site-packages/airflow/utils/operator_helpers.py", line 252, in run
    return self.func(*args, **kwargs)
           ^^^^^^^^^^^^^^^^^^^^^^^^^^
  File "/home/airflow/.local/lib/python3.12/site-packages/airflow/models/baseoperator.py", line 422, in wrapper
    return func(self, *args, **kwargs)
           ^^^^^^^^^^^^^^^^^^^^^^^^^^^
  File "/home/airflow/.local/lib/python3.12/site-packages/airflow/operators/python.py", line 238, in execute
    return_value = self.execute_callable()
                   ^^^^^^^^^^^^^^^^^^^^^^^
  File "/home/airflow/.local/lib/python3.12/site-packages/airflow/operators/python.py", line 256, in execute_callable
    return runner.run(*self.op_args, **self.op_kwargs)
           ^^^^^^^^^^^^^^^^^^^^^^^^^^^^^^^^^^^^^^^^^^^
  File "/home/airflow/.local/lib/python3.12/site-packages/airflow/utils/operator_helpers.py", line 252, in run
    return self.func(*args, **kwargs)
           ^^^^^^^^^^^^^^^^^^^^^^^^^^
  File "/opt/airflow/dags/execute_entities.py", line 18, in get_cutomers
    from src.controllers.paginations import PaginationController
  File "/sources/src/controllers/paginations/__init__.py", line 1, in <module>
    from .paginations import PaginationController
  File "/sources/src/controllers/paginations/paginations.py", line 5, in <module>
    from api import Api
ModuleNotFoundError: No module named 'api'
[2025-03-02T17:51:23.288+0000] {taskinstance.py:1225} INFO - Marking task as FAILED. dag_id=execute_entities, task_id=extract_and_load_ListarContasCorrentes, run_id=scheduled__2025-03-01T03:00:00+00:00, execution_date=20250301T030000, start_date=20250302T175122, end_date=20250302T175123
[2025-03-02T17:51:23.309+0000] {taskinstance.py:340} INFO - ::group::Post task execution logs
[2025-03-02T17:51:23.312+0000] {standard_task_runner.py:124} ERROR - Failed to execute job 31 for task extract_and_load_ListarContasCorrentes (No module named 'api'; 860)
Traceback (most recent call last):
  File "/home/airflow/.local/lib/python3.12/site-packages/airflow/task/task_runner/standard_task_runner.py", line 117, in _start_by_fork
    ret = args.func(args, dag=self.dag)
          ^^^^^^^^^^^^^^^^^^^^^^^^^^^^^
  File "/home/airflow/.local/lib/python3.12/site-packages/airflow/cli/cli_config.py", line 49, in command
    return func(*args, **kwargs)
           ^^^^^^^^^^^^^^^^^^^^^
  File "/home/airflow/.local/lib/python3.12/site-packages/airflow/utils/cli.py", line 116, in wrapper
    return f(*args, **kwargs)
           ^^^^^^^^^^^^^^^^^^
  File "/home/airflow/.local/lib/python3.12/site-packages/airflow/cli/commands/task_command.py", line 483, in task_run
    task_return_code = _run_task_by_selected_method(args, _dag, ti)
                       ^^^^^^^^^^^^^^^^^^^^^^^^^^^^^^^^^^^^^^^^^^^^
  File "/home/airflow/.local/lib/python3.12/site-packages/airflow/cli/commands/task_command.py", line 256, in _run_task_by_selected_method
    return _run_raw_task(args, ti)
           ^^^^^^^^^^^^^^^^^^^^^^^
  File "/home/airflow/.local/lib/python3.12/site-packages/airflow/cli/commands/task_command.py", line 341, in _run_raw_task
    return ti._run_raw_task(
           ^^^^^^^^^^^^^^^^^
  File "/home/airflow/.local/lib/python3.12/site-packages/airflow/utils/session.py", line 97, in wrapper
    return func(*args, session=session, **kwargs)
           ^^^^^^^^^^^^^^^^^^^^^^^^^^^^^^^^^^^^^^
  File "/home/airflow/.local/lib/python3.12/site-packages/airflow/models/taskinstance.py", line 3005, in _run_raw_task
    return _run_raw_task(
           ^^^^^^^^^^^^^^
  File "/home/airflow/.local/lib/python3.12/site-packages/airflow/models/taskinstance.py", line 273, in _run_raw_task
    TaskInstance._execute_task_with_callbacks(
  File "/home/airflow/.local/lib/python3.12/site-packages/airflow/models/taskinstance.py", line 3159, in _execute_task_with_callbacks
    result = self._execute_task(context, task_orig)
             ^^^^^^^^^^^^^^^^^^^^^^^^^^^^^^^^^^^^^^
  File "/home/airflow/.local/lib/python3.12/site-packages/airflow/models/taskinstance.py", line 3183, in _execute_task
    return _execute_task(self, context, task_orig)
           ^^^^^^^^^^^^^^^^^^^^^^^^^^^^^^^^^^^^^^^
  File "/home/airflow/.local/lib/python3.12/site-packages/airflow/models/taskinstance.py", line 767, in _execute_task
    result = _execute_callable(context=context, **execute_callable_kwargs)
             ^^^^^^^^^^^^^^^^^^^^^^^^^^^^^^^^^^^^^^^^^^^^^^^^^^^^^^^^^^^^^
  File "/home/airflow/.local/lib/python3.12/site-packages/airflow/models/taskinstance.py", line 733, in _execute_callable
    return ExecutionCallableRunner(
           ^^^^^^^^^^^^^^^^^^^^^^^^
  File "/home/airflow/.local/lib/python3.12/site-packages/airflow/utils/operator_helpers.py", line 252, in run
    return self.func(*args, **kwargs)
           ^^^^^^^^^^^^^^^^^^^^^^^^^^
  File "/home/airflow/.local/lib/python3.12/site-packages/airflow/models/baseoperator.py", line 422, in wrapper
    return func(self, *args, **kwargs)
           ^^^^^^^^^^^^^^^^^^^^^^^^^^^
  File "/home/airflow/.local/lib/python3.12/site-packages/airflow/operators/python.py", line 238, in execute
    return_value = self.execute_callable()
                   ^^^^^^^^^^^^^^^^^^^^^^^
  File "/home/airflow/.local/lib/python3.12/site-packages/airflow/operators/python.py", line 256, in execute_callable
    return runner.run(*self.op_args, **self.op_kwargs)
           ^^^^^^^^^^^^^^^^^^^^^^^^^^^^^^^^^^^^^^^^^^^
  File "/home/airflow/.local/lib/python3.12/site-packages/airflow/utils/operator_helpers.py", line 252, in run
    return self.func(*args, **kwargs)
           ^^^^^^^^^^^^^^^^^^^^^^^^^^
  File "/opt/airflow/dags/execute_entities.py", line 18, in get_cutomers
    from src.controllers.paginations import PaginationController
  File "/sources/src/controllers/paginations/__init__.py", line 1, in <module>
    from .paginations import PaginationController
  File "/sources/src/controllers/paginations/paginations.py", line 5, in <module>
    from api import Api
ModuleNotFoundError: No module named 'api'
[2025-03-02T17:51:23.368+0000] {local_task_job_runner.py:266} INFO - Task exited with return code 1
[2025-03-02T17:51:23.387+0000] {local_task_job_runner.py:245} INFO - ::endgroup::
